<?xml version="1.0" encoding="UTF-8"?>
<testng-results ignored="0" total="2" passed="2" failed="0" skipped="0">
  <reporter-output>
  </reporter-output>
  <suite started-at="2024-05-24T11:11:36 IST" name="RestAssuredAutomationFramework" finished-at="2024-05-24T11:11:39 IST" duration-ms="2930">
    <groups>
    </groups>
    <test started-at="2024-05-24T11:11:36 IST" name="APITests" finished-at="2024-05-24T11:11:39 IST" duration-ms="2930">
      <class name="tests.GetAndPost">
        <test-method is-config="true" signature="setUp()[pri:0, instance:tests.GetAndPost@2f4948e4]" started-at="2024-05-24T11:11:36 IST" name="setUp" finished-at="2024-05-24T11:11:37 IST" duration-ms="191" status="PASS">
          <reporter-output>
          </reporter-output>
        </test-method> <!-- setUp -->
        <test-method signature="testGet()[pri:0, instance:tests.GetAndPost@2f4948e4]" started-at="2024-05-24T11:11:37 IST" name="testGet" finished-at="2024-05-24T11:11:39 IST" duration-ms="2087" status="PASS">
          <reporter-output>
          </reporter-output>
        </test-method> <!-- testGet -->
        <test-method signature="testPost()[pri:0, instance:tests.GetAndPost@2f4948e4]" started-at="2024-05-24T11:11:39 IST" name="testPost" finished-at="2024-05-24T11:11:39 IST" duration-ms="449" status="PASS">
          <reporter-output>
          </reporter-output>
        </test-method> <!-- testPost -->
        <test-method is-config="true" signature="tearDown()[pri:0, instance:tests.GetAndPost@2f4948e4]" started-at="2024-05-24T11:11:39 IST" name="tearDown" finished-at="2024-05-24T11:11:39 IST" duration-ms="168" status="PASS">
          <reporter-output>
          </reporter-output>
        </test-method> <!-- tearDown -->
      </class> <!-- tests.GetAndPost -->
    </test> <!-- APITests -->
  </suite> <!-- RestAssuredAutomationFramework -->
</testng-results>
