<?xml version="1.0" encoding="UTF-8"?>
<testng-results ignored="0" total="1" passed="1" failed="0" skipped="0">
  <reporter-output>
  </reporter-output>
  <suite started-at="2024-05-17T19:13:15 IST" name="Default suite" finished-at="2024-05-17T19:13:17 IST" duration-ms="1897">
    <groups>
    </groups>
    <test started-at="2024-05-17T19:13:15 IST" name="Default test" finished-at="2024-05-17T19:13:17 IST" duration-ms="1897">
      <class name="tests.JsonSchemaValidator">
        <test-method signature="test2()[pri:0, instance:tests.JsonSchemaValidator@459e9125]" started-at="2024-05-17T19:13:16 IST" name="test2" finished-at="2024-05-17T19:13:17 IST" duration-ms="1868" status="PASS">
          <reporter-output>
          </reporter-output>
        </test-method> <!-- test2 -->
      </class> <!-- tests.JsonSchemaValidator -->
    </test> <!-- Default test -->
  </suite> <!-- Default suite -->
</testng-results>
